<?xml version="1.0" encoding="UTF-8" ?>
<testsuite tests="8" failures="0" name="spandigital.MainTest" time="0.002" errors="0" skipped="0">
  <properties>
[...]
</properties>
  <testcase classname="spandigital.MainTest" name="testReadingFile" time="0.002"/>
  <testcase classname="spandigital.MainTest" name="testSetTeamsCorrect" time="0"/>
  <testcase classname="spandigital.MainTest" name="testSetTeamsIncorrect" time="0"/>
  <testcase classname="spandigital.MainTest" name="testLocalScoreCorrect" time="0"/>
  <testcase classname="spandigital.MainTest" name="testPutToListCorrect" time="0"/>
  <testcase classname="spandigital.MainTest" name="testVisitorScoreCorrect" time="0"/>
  <testcase classname="spandigital.MainTest" name="testFileNotFound" time="0"/>
  <testcase classname="spandigital.MainTest" name="testNullMap" time="0"/>
</testsuite>